<?xml version="1.0" encoding="UTF-8"?>
<!-- Generated by org.testng.reporters.JUnitXMLReporter -->
<testsuite hostname="DESKTOP-NP78MNN" ignored="0" name="Default test" tests="3" failures="0" timestamp="20 Sep 2018 12:04:13 GMT" time="17.323" errors="0">
  <testcase name="f" time="17.276" classname="simplemaveenproject.TestClass"/>
  <testcase name="method2" time="0.004" classname="simplemaveenproject.TestClass"/>
  <testcase name="method3" time="0.002" classname="simplemaveenproject.TestClass"/>
</testsuite> <!-- Default test -->
