<?xml version="1.0" encoding="UTF-8"?>
<testng-results skipped="0" failed="0" ignored="0" total="3" passed="3">
  <reporter-output>
  </reporter-output>
  <suite name="Default suite" duration-ms="17323" started-at="2018-09-20T12:03:56Z" finished-at="2018-09-20T12:04:13Z">
    <groups>
    </groups>
    <test name="Default test" duration-ms="17323" started-at="2018-09-20T12:03:56Z" finished-at="2018-09-20T12:04:13Z">
      <class name="simplemaveenproject.TestClass">
        <test-method status="PASS" signature="beforeSuite()[pri:0, instance:simplemaveenproject.TestClass@47c62251]" name="beforeSuite" is-config="true" duration-ms="11" started-at="2018-09-20T12:03:56Z" finished-at="2018-09-20T12:03:56Z">
          <reporter-output>
          </reporter-output>
        </test-method> <!-- beforeSuite -->
        <test-method status="PASS" signature="class1()[pri:0, instance:simplemaveenproject.TestClass@47c62251]" name="class1" is-config="true" duration-ms="0" started-at="2018-09-20T12:03:56Z" finished-at="2018-09-20T12:03:56Z">
          <reporter-output>
          </reporter-output>
        </test-method> <!-- class1 -->
        <test-method status="PASS" signature="f()[pri:0, instance:simplemaveenproject.TestClass@47c62251]" name="f" duration-ms="17276" started-at="2018-09-20T12:03:56Z" finished-at="2018-09-20T12:04:13Z">
          <reporter-output>
          </reporter-output>
        </test-method> <!-- f -->
        <test-method status="PASS" signature="beforeMethod()[pri:0, instance:simplemaveenproject.TestClass@47c62251]" name="beforeMethod" is-config="true" duration-ms="0" started-at="2018-09-20T12:03:56Z" finished-at="2018-09-20T12:03:56Z">
          <reporter-output>
          </reporter-output>
        </test-method> <!-- beforeMethod -->
        <test-method status="PASS" signature="afterMethod()[pri:0, instance:simplemaveenproject.TestClass@47c62251]" name="afterMethod" is-config="true" duration-ms="1" started-at="2018-09-20T12:04:13Z" finished-at="2018-09-20T12:04:13Z">
          <reporter-output>
          </reporter-output>
        </test-method> <!-- afterMethod -->
        <test-method status="PASS" signature="beforeMethod()[pri:0, instance:simplemaveenproject.TestClass@47c62251]" name="beforeMethod" is-config="true" duration-ms="3" started-at="2018-09-20T12:04:13Z" finished-at="2018-09-20T12:04:13Z">
          <reporter-output>
          </reporter-output>
        </test-method> <!-- beforeMethod -->
        <test-method status="PASS" signature="method2()[pri:0, instance:simplemaveenproject.TestClass@47c62251]" name="method2" duration-ms="4" started-at="2018-09-20T12:04:13Z" finished-at="2018-09-20T12:04:13Z">
          <reporter-output>
          </reporter-output>
        </test-method> <!-- method2 -->
        <test-method status="PASS" signature="afterMethod()[pri:0, instance:simplemaveenproject.TestClass@47c62251]" name="afterMethod" is-config="true" duration-ms="1" started-at="2018-09-20T12:04:13Z" finished-at="2018-09-20T12:04:13Z">
          <reporter-output>
          </reporter-output>
        </test-method> <!-- afterMethod -->
        <test-method status="PASS" signature="beforeMethod()[pri:0, instance:simplemaveenproject.TestClass@47c62251]" name="beforeMethod" is-config="true" duration-ms="1" started-at="2018-09-20T12:04:13Z" finished-at="2018-09-20T12:04:13Z">
          <reporter-output>
          </reporter-output>
        </test-method> <!-- beforeMethod -->
        <test-method status="PASS" signature="method3()[pri:0, instance:simplemaveenproject.TestClass@47c62251]" name="method3" duration-ms="2" started-at="2018-09-20T12:04:13Z" finished-at="2018-09-20T12:04:13Z">
          <reporter-output>
          </reporter-output>
        </test-method> <!-- method3 -->
        <test-method status="PASS" signature="afterMethod()[pri:0, instance:simplemaveenproject.TestClass@47c62251]" name="afterMethod" is-config="true" duration-ms="1" started-at="2018-09-20T12:04:13Z" finished-at="2018-09-20T12:04:13Z">
          <reporter-output>
          </reporter-output>
        </test-method> <!-- afterMethod -->
      </class> <!-- simplemaveenproject.TestClass -->
    </test> <!-- Default test -->
  </suite> <!-- Default suite -->
</testng-results>
